Started at: 2023-03-20T01:37:39.466
#############
#
# Loading
#
#############

# Found pack: C:\Users\soich\curseforge\minecraft\Instances\GregTechNimosesEdition\mods\buildcraft-all-7.99.24.8.jar

Found script: buildcrafttransport/compat/buildcraft/guide.txt

Found script: buildcraftsilicon/compat/buildcraft/guide.txt

Found script: buildcraftlib/compat/buildcraft/guide.txt

Found script: buildcraftfactory/compat/buildcraft/guide.txt

Found script: buildcraftenergy/compat/buildcraft/guide.txt

Found script: buildcraftcore/compat/buildcraft/guide.txt

#############
#
# Executing
#
#############

Adding buildcraftfactory:block/flood_gate as ItemStackValueFilter: 1xtile.floodGateBlock@0
Adding buildcraftsilicon:item/plug_pulsar as ItemStackValueFilter: 1xitem.pulsar@0
Adding buildcraftcore:action/machine_control_on as ActionMachineControl: buildcraft.core.statements.ActionMachineControl@5e7caf61
Adding buildcrafttransport:pipe/diamond_fluid as ItemStackValueFilter: 1xitem.PipeFluidsDiamond@0
Adding buildcraftfactory:block/heat_exchange as ItemStackValueFilter: 1xtile.heat_exchange@0
Adding buildcrafttransport:pipe/wood_item as ItemStackValueFilter: 1xitem.PipeItemsWood@0
Adding buildcraftcore:trigger/always_on as TriggerTrue: buildcraft.core.statements.TriggerTrue@393fa733
Adding buildcrafttransport:pipe/gold_fluid as ItemStackValueFilter: 1xitem.PipeFluidsGold@0
Adding buildcrafttransport:pipe/clay_fluid as ItemStackValueFilter: 1xitem.PipeFluidsClay@0
Adding buildcraftsilicon:action/pulsar_single as ActionPowerPulsar: buildcraft.silicon.statement.ActionPowerPulsar@5c98ced7
Adding buildcraftcore:trigger/inventory_space as TriggerInventory: buildcraft.core.statements.TriggerInventory@76cf469e
Adding buildcraftlib:config/guide_page_format as String: Guide Page File FormatÅòr
Adding buildcraftcore:trigger/inventory_contains as TriggerInventory: buildcraft.core.statements.TriggerInventory@4d73f881
Adding buildcraftcore:action/machine_control_loop as ActionMachineControl: buildcraft.core.statements.ActionMachineControl@931c823
Adding buildcraftcore:item/wrench as ItemStackValueFilter: 1xitem.wrenchItem@0
Adding buildcraftcore:trigger/inventory_below_75 as TriggerInventoryLevel: buildcraft.core.statements.TriggerInventoryLevel@134551a4
Adding buildcraftcore:trigger/engine_overheat as TriggerEnginePowerStage: buildcraft.core.statements.TriggerEnginePowerStage@1f320ee4
Adding buildcrafttransport:pipe/emzuli_item as ItemStackValueFilter: 1xitem.PipeItemsEmzuli@0
Adding buildcraftcore:trigger/machine_inactive as TriggerMachine: buildcraft.core.statements.TriggerMachine@4d574a73
Adding buildcraftcore:trigger/inventory_empty as TriggerInventory: buildcraft.core.statements.TriggerInventory@4aa0f32a
Adding buildcraftsilicon:action/pulsar_constant as ActionPowerPulsar: buildcraft.silicon.statement.ActionPowerPulsar@73d143ab
Adding buildcraftcore:trigger/fluid_below_75 as TriggerFluidContainerLevel: buildcraft.core.statements.TriggerFluidContainerLevel@7c1b361b
Adding buildcraftcore:trigger/engine_green as TriggerEnginePowerStage: buildcraft.core.statements.TriggerEnginePowerStage@b68ef39
Adding buildcrafttransport:pipe/daizuli_item as ItemStackValueFilter: 1xitem.PipeItemsDaizuli@0
Adding buildcraftsilicon:trigger/light_low as TriggerLightSensor: buildcraft.silicon.statement.TriggerLightSensor@461c74dd
Adding buildcraftlib:config/json_insn_format as String: Json Instruction File FormatÅòr
Adding buildcrafttransport:action/pipe_direction_south as ActionPipeDirection: ActionPipeDirection[south]
Adding buildcraftcore:trigger/redstone_active as TriggerRedstoneInput: buildcraft.core.statements.TriggerRedstoneInput@3fa9abae
Adding buildcraftlib:config/registry_overview as String: Json Registry OverviewÅòr
Adding buildcraftcore:block/engine_wood as ItemStackValueFilter: Matching meta of 1xtile.engineBlock@0
Adding buildcraftenergy:block/engine_iron as ItemStackValueFilter: Matching meta of 1xtile.engineBlock@2
Adding buildcraftcore:item/gear_iron as ItemStackValueFilter: 1xitem.ironGearItem@0
Adding buildcraftcore:trigger/engine_yellow as TriggerEnginePowerStage: buildcraft.core.statements.TriggerEnginePowerStage@1aa7e9ae
Adding buildcraftsilicon:item/plug_gate as ItemStackValueFilter: 1xitem.gate@0
Skipping buildcraftsilicon:item/plug_facade because The item 'buildcraftsilicon:plug_facade' has been disabled.
Adding buildcrafttransport:item/plug_blocker as ItemStackValueFilter: 1xitem.PipePlug@0
Adding buildcrafttransport:action/pipe_colour as ActionPipeColor: buildcraft.transport.statements.ActionPipeColor@56facce4
Adding buildcraftcore:trigger/inventory_full as TriggerInventory: buildcraft.core.statements.TriggerInventory@73e5f07a
Adding buildcraftcore:trigger/inventory_below_50 as TriggerInventoryLevel: buildcraft.core.statements.TriggerInventoryLevel@163d173
Adding buildcrafttransport:item/plug_power_adaptor as ItemStackValueFilter: 1xitem.PipePowerAdapter@0
Adding buildcraftcore:trigger/fluid_contains as TriggerFluidContainer: buildcraft.core.statements.TriggerFluidContainer@242ca268
Adding buildcrafttransport:pipe/structure as ItemStackValueFilter: 1xitem.PipeStructureCobblestone@0
Adding buildcrafttransport:pipe/quartz_item as ItemStackValueFilter: 1xitem.PipeItemsQuartz@0
Adding buildcraftcore:trigger/fluid_below_50 as TriggerFluidContainerLevel: buildcraft.core.statements.TriggerFluidContainerLevel@24b1c7e5
Adding buildcraftfactory:block/tank as ItemStackValueFilter: 1xtile.tankBlock@0
Adding buildcraftcore:trigger/fluid_empty as TriggerFluidContainer: buildcraft.core.statements.TriggerFluidContainer@788b9529
Adding buildcraftcore:trigger/machine_active as TriggerMachine: buildcraft.core.statements.TriggerMachine@677c2b02
Adding buildcraftfactory:block/mining_well as ItemStackValueFilter: 1xtile.miningWellBlock@0
Adding buildcrafttransport:pipe/diamond_wood_item as ItemStackValueFilter: 1xitem.PipeItemsWoodenDiamond@0
Adding buildcraftcore:trigger/engine_red as TriggerEnginePowerStage: buildcraft.core.statements.TriggerEnginePowerStage@2682ea67
Adding buildcrafttransport:pipe/iron_fluid as ItemStackValueFilter: 1xitem.PipeFluidsIron@0
Adding buildcrafttransport:pipe/gold_item as ItemStackValueFilter: 1xitem.PipeItemsGold@0
Adding buildcrafttransport:action/extraction_preset as ActionExtractionPreset: buildcraft.transport.statements.ActionExtractionPreset@c268fbd
Adding buildcrafttransport:pipe/lapis_item as ItemStackValueFilter: 1xitem.PipeItemsLapis@0
Adding buildcraftcore:item/volume_box as ItemStackValueFilter: 1xitem.volume_box@0
Adding buildcrafttransport:action/pipe_direction_west as ActionPipeDirection: ActionPipeDirection[west]
Adding buildcraftcore:item/gear_stone as ItemStackValueFilter: 1xitem.stoneGearItem@0
Adding buildcraftcore:item/list as ItemStackValueFilter: 1xitem.list@0
Adding buildcrafttransport:trigger/items_traversing as TriggerItemsTraversing: buildcraft.transport.statements.TriggerItemsTraversing@3164468c
Adding buildcraftfactory:block/distiller as ItemStackValueFilter: 1xtile.distiller@0
Adding buildcrafttransport:pipe/stone_fluid as ItemStackValueFilter: 1xitem.PipeFluidsStone@0
Adding buildcrafttransport:pipe/sandstone_fluid as ItemStackValueFilter: 1xitem.PipeFluidsSandstone@0
Adding buildcraftcore:action/machine_control_off as ActionMachineControl: buildcraft.core.statements.ActionMachineControl@3de61b60
Adding buildcrafttransport:pipe/clay_item as ItemStackValueFilter: 1xitem.PipeItemsClay@0
Adding buildcrafttransport:pipe/wood_fluid as ItemStackValueFilter: 1xitem.PipeFluidsWood@0
Adding buildcraftsilicon:trigger/light_high as TriggerLightSensor: buildcraft.silicon.statement.TriggerLightSensor@105fd2b5
Adding buildcrafttransport:trigger/fluids_traversing as TriggerFluidsTraversing: buildcraft.transport.statements.TriggerFluidsTraversing@3ff81160
Adding buildcraftcore:action/redstone as ActionRedstoneOutput: buildcraft.core.statements.ActionRedstoneOutput@2c3b7035
Adding buildcrafttransport:pipe/cobble_item as ItemStackValueFilter: 1xitem.PipeItemsCobblestone@0
Adding buildcraftcore:trigger/inventory_below_25 as TriggerInventoryLevel: buildcraft.core.statements.TriggerInventoryLevel@210b53c9
Adding buildcraftcore:item/marker_path as ItemStackValueFilter: 1xtile.pathMarkerBlock@0
Adding buildcraftcore:item/gear_wood as ItemStackValueFilter: 1xitem.woodenGearItem@0
Adding buildcrafttransport:item/wire as ItemStackValueFilter: 1xitem.pipeWire@0
Adding buildcrafttransport:action/pipe_direction_below as ActionPipeDirection: ActionPipeDirection[down]
Adding buildcraftsilicon:item/plug_lens as ItemStackValueFilter: 1xitem.lens@0
Adding buildcraftcore:item/marker_volume as ItemStackValueFilter: 1xtile.markerBlock@0
Adding buildcraftcore:item/paintbrush as ItemStackValueFilter: 1xitem.paintbrush@0
Adding buildcraftfactory:block/autoworkbench_item as ItemStackValueFilter: 1xtile.autoWorkbenchBlock@0
Adding buildcrafttransport:action/pipe_direction_north as ActionPipeDirection: ActionPipeDirection[north]
Adding buildcrafttransport:action/pipe_direction_above as ActionPipeDirection: ActionPipeDirection[up]
Adding buildcraftfactory:block/chute as ItemStackValueFilter: 1xtile.chuteBlock@0
Adding buildcraftcore:trigger/fluid_below_25 as TriggerFluidContainerLevel: buildcraft.core.statements.TriggerFluidContainerLevel@4fafe727
Adding buildcraftenergy:block/engine_stone as ItemStackValueFilter: Matching meta of 1xtile.engineBlock@1
Adding buildcrafttransport:pipe/void_item as ItemStackValueFilter: 1xitem.PipeItemsVoid@0
Adding buildcrafttransport:pipe/stone_item as ItemStackValueFilter: 1xitem.PipeItemsStone@0
Adding buildcrafttransport:action/pipe_direction_east as ActionPipeDirection: ActionPipeDirection[east]
Adding buildcrafttransport:pipe/diamond_item as ItemStackValueFilter: 1xitem.PipeItemsDiamond@0
Adding buildcraftcore:item/gear_diamond as ItemStackValueFilter: 1xitem.diamondGearItem@0
Adding buildcrafttransport:pipe/quartz_fluid as ItemStackValueFilter: 1xitem.PipeFluidsQuartz@0
Adding buildcraftcore:item/gear_gold as ItemStackValueFilter: 1xitem.goldGearItem@0
Adding buildcraftcore:trigger/engine_blue as TriggerEnginePowerStage: buildcraft.core.statements.TriggerEnginePowerStage@30a38ca3
Adding buildcrafttransport:pipe/iron_item as ItemStackValueFilter: 1xitem.PipeItemsIron@0
Adding buildcrafttransport:pipe/void_fluid as ItemStackValueFilter: 1xitem.PipeFluidsVoid@0
Adding buildcrafttransport:pipe/stripes_item as ItemStackValueFilter: 1xitem.PipeItemsStripes@0
Adding buildcraftsilicon:item/plug_light_sensor as ItemStackValueFilter: 1xitem.light_sensor@0
Adding buildcraftfactory:block/pump as ItemStackValueFilter: 1xtile.pumpBlock@0
Adding buildcrafttransport:pipe/cobble_fluid as ItemStackValueFilter: 1xitem.PipeFluidsCobblestone@0
Adding buildcrafttransport:pipe/obsidian_item as ItemStackValueFilter: 1xitem.PipeItemsObsidian@0
Adding buildcrafttransport:action/pipe_signal_active as ActionPipeSignal: buildcraft.transport.statements.ActionPipeSignal@47eee85a
Adding buildcraftcore:trigger/fluid_space as TriggerFluidContainer: buildcraft.core.statements.TriggerFluidContainer@3c007e75
Adding buildcraftcore:trigger/redstone_inactive as TriggerRedstoneInput: buildcraft.core.statements.TriggerRedstoneInput@ca6200d
Adding buildcrafttransport:pipe/sandstone_item as ItemStackValueFilter: 1xitem.PipeItemsSandstone@0
Adding buildcraftcore:trigger/fluid_full as TriggerFluidContainer: buildcraft.core.statements.TriggerFluidContainer@204c63ae
Adding buildcrafttransport:trigger/pipe_signal_inactive as TriggerPipeSignal: buildcraft.transport.statements.TriggerPipeSignal@1050e3c5
Adding buildcrafttransport:trigger/pipe_signal_active as TriggerPipeSignal: buildcraft.transport.statements.TriggerPipeSignal@2f1cc46c
Adding buildcrafttransport:pipe/diamond_wood_fluid as ItemStackValueFilter: 1xitem.PipeFluidsWoodenDiamond@0
Unable to load buildcrafttransport:trigger/pipe_empty from {"type":"statement","book":"buildcraftcore:main","tag_type":"trigger","tag_subtype":"pipe_item","statement":"buildcraft:pipe_empty"} because Unknown statement 'buildcraft:pipe_empty'
Adding buildcraftcore:item/marker_connector as ItemStackValueFilter: 1xitem.markerConnector@0
Adding buildcraftcore:block/engine_creative as ItemStackValueFilter: Matching meta of 1xtile.engineBlock@1
Finished at: 2023-03-20T01:37:40.151, took 685ms
